  Main.cpp
C:\Users\Lenovo\source\repos\Project2.1.8\Project2.1.8\Main.cpp(1,9): warning C4067: непредвиденные лексемы за директивой препроцессора, требуется newline
C:\Users\Lenovo\source\repos\Project2.1.8\Project2.1.8\Main.cpp(2,9): warning C4067: непредвиденные лексемы за директивой препроцессора, требуется newline
C:\Users\Lenovo\source\repos\Project2.1.8\Project2.1.8\Main.cpp(3,10): warning C4067: непредвиденные лексемы за директивой препроцессора, требуется newline
C:\Users\Lenovo\source\repos\Project2.1.8\Project2.1.8\Main.cpp(4,10): warning C4067: непредвиденные лексемы за директивой препроцессора, требуется newline
C:\Users\Lenovo\source\repos\Project2.1.8\Project2.1.8\Main.cpp(5,9): warning C4067: непредвиденные лексемы за директивой препроцессора, требуется newline
C:\Users\Lenovo\source\repos\Project2.1.8\Project2.1.8\Main.cpp(6,10): warning C4067: непредвиденные лексемы за директивой препроцессора, требуется newline
C:\Users\Lenovo\source\repos\Project2.1.8\Project2.1.8\Main.cpp(7,10): warning C4067: непредвиденные лексемы за директивой препроцессора, требуется newline
C:\Users\Lenovo\source\repos\Project2.1.8\Project2.1.8\Main.cpp(11,9): warning C4067: непредвиденные лексемы за директивой препроцессора, требуется newline
C:\Users\Lenovo\source\repos\Project2.1.8\Project2.1.8\ODList.h(4,10): warning C4067: непредвиденные лексемы за директивой препроцессора, требуется newline
C:\Users\Lenovo\source\repos\Project2.1.8\Project2.1.8\File.h(2,9): warning C4067: непредвиденные лексемы за директивой препроцессора, требуется newline
C:\Users\Lenovo\source\repos\Project2.1.8\Project2.1.8\File.h(3,9): warning C4067: непредвиденные лексемы за директивой препроцессора, требуется newline
C:\Users\Lenovo\source\repos\Project2.1.8\Project2.1.8\File.h(4,10): warning C4067: непредвиденные лексемы за директивой препроцессора, требуется newline
C:\Users\Lenovo\source\repos\Project2.1.8\Project2.1.8\File.h(5,10): warning C4067: непредвиденные лексемы за директивой препроцессора, требуется newline
C:\Users\Lenovo\source\repos\Project2.1.8\Project2.1.8\File.h(7,9): warning C4067: непредвиденные лексемы за директивой препроцессора, требуется newline
C:\Users\Lenovo\source\repos\Project2.1.8\Project2.1.8\File.h(164,26): warning C4244: return: преобразование "std::streamoff" в "int", возможна потеря данных
C:\Users\Lenovo\source\repos\Project2.1.8\Project2.1.8\Main.cpp(102): warning C4715: doubleInpCheck: значение возвращается не при всех путях выполнения
C:\Users\Lenovo\source\repos\Project2.1.8\Project2.1.8\Main.cpp(58): warning C4715: intInpCheck: значение возвращается не при всех путях выполнения
C:\Users\Lenovo\source\repos\Project2.1.8\Project2.1.8\ODList.h(639): warning C4715: ODList<int>::remove_front: значение возвращается не при всех путях выполнения
C:\Users\Lenovo\source\repos\Project2.1.8\Project2.1.8\ODList.h(117): warning C4715: ODList<int>::Student::intInpCheck: значение возвращается не при всех путях выполнения
C:\Users\Lenovo\source\repos\Project2.1.8\Project2.1.8\ODList.h(161): warning C4715: ODList<int>::Student::doubleInpCheck: значение возвращается не при всех путях выполнения
  Project2.1.8.vcxproj -> C:\Users\Lenovo\source\repos\Project2.1.8\Debug\Project2.1.8.exe
